<?xml version="1.0" encoding="UTF-8"?>
<!-- Generated by org.testng.reporters.JUnitXMLReporter -->
<testsuite ignored="0" hostname="DESKTOP-QJP6EME" failures="0" tests="1" name="Test" time="0.283" errors="0" timestamp="2020-04-15T14:16:29 IST">
  <testcase classname="assignmentmain.testc" name="@BeforeTest initialize" time="0.149">
    <failure type="java.lang.IllegalStateException" message="The driver executable does not exist: C:\Users\Admin\eclipse-workspace\new\assignmentClassplusqa\user.dir\chromedriver.exe">
      <![CDATA[java.lang.IllegalStateException: The driver executable does not exist: C:\Users\Admin\eclipse-workspace\new\assignmentClassplusqa\user.dir\chromedriver.exe
at com.google.common.base.Preconditions.checkState(Preconditions.java:585)
at org.openqa.selenium.remote.service.DriverService.checkExecutable(DriverService.java:146)
at org.openqa.selenium.remote.service.DriverService.findExecutable(DriverService.java:141)
at org.openqa.selenium.chrome.ChromeDriverService.access$000(ChromeDriverService.java:35)
at org.openqa.selenium.chrome.ChromeDriverService$Builder.findDefaultExecutable(ChromeDriverService.java:159)
at org.openqa.selenium.remote.service.DriverService$Builder.build(DriverService.java:355)
at org.openqa.selenium.chrome.ChromeDriverService.createDefaultService(ChromeDriverService.java:94)
at org.openqa.selenium.chrome.ChromeDriver.<init>(ChromeDriver.java:123)
at mainc.mainc.initializeDriver(mainc.java:32)
at assignmentmain.testc.initialize(testc.java:26)
... Removed 24 stack frames]]>
    </failure>
  </testcase> <!-- @BeforeTest initialize -->
  <testcase classname="assignmentmain.testc" name="@AfterTest teardown" time="-1.586940389187E9">
    <skipped/>
  </testcase> <!-- @AfterTest teardown -->
  <testcase classname="assignmentmain.testc" name="starttest" time="0.0">
    <skipped/>
  </testcase> <!-- starttest -->
</testsuite> <!-- Test -->
